[00:29:46] [main/INFO] (FabricLoader/GameProvider) Loading Minecraft 1.18.2 with Fabric Loader 0.14.14
[00:29:46] [main/INFO] (FabricLoader) Loading 40 mods:
	- fabric-api 0.67.1+1.18.2
	- fabric-api-base 0.4.5+64b7c69360
	- fabric-api-lookup-api-v1 1.6.3+2373a54560
	- fabric-biome-api-v1 8.0.6+651bcc5960
	- fabric-block-api-v1 1.0.0+ee3621fc60
	- fabric-command-api-v1 1.1.10+d7c144a860
	- fabric-commands-v0 0.2.9+b4f4f6cd60
	- fabric-containers-v0 0.1.24+d7c144a860
	- fabric-content-registries-v0 3.1.2+c85f2e3860
	- fabric-convention-tags-v1 1.0.2+474e4f7960
	- fabric-crash-report-info-v1 0.2.1+ee261a3e60
	- fabric-data-generation-api-v1 3.0.3+9fcb91d260
	- fabric-dimensions-v1 2.1.21+489d6f8260
	- fabric-entity-events-v1 1.4.9+d7c144a860
	- fabric-events-interaction-v0 0.4.20+d7c144a860
	- fabric-events-lifecycle-v0 0.2.21+d7c144a860
	- fabric-game-rule-api-v1 1.0.13+d7c144a860
	- fabric-gametest-api-v1 1.0.20+91b7aa6660
	- fabric-item-api-v1 1.6.1+a6f01b2660
	- fabric-item-groups-v0 0.3.15+91896a4960
	- fabric-lifecycle-events-v1 2.1.1+cc71601c60
	- fabric-loot-api-v2 1.1.1+1997ad1260
	- fabric-loot-tables-v1 1.1.3+e747827960
	- fabric-mining-level-api-v1 2.1.5+cc71601c60
	- fabric-networking-api-v1 1.0.24+2d30af4b60
	- fabric-networking-v0 0.3.11+b4f4f6cd60
	- fabric-object-builder-api-v1 2.1.4+032c981d60
	- fabric-particles-v1 0.2.13+526dc1ac60
	- fabric-registry-sync-v0 0.9.12+bb2e047760
	- fabric-rendering-data-attachment-v1 0.3.9+ee3621fc60
	- fabric-rendering-fluids-v1 2.0.3+54e5b2ec60
	- fabric-resource-conditions-api-v1 2.0.3+91b7aa6660
	- fabric-resource-loader-v0 0.5.2+446e059560
	- fabric-screen-handler-api-v1 1.2.3+1f6558e860
	- fabric-transfer-api-v1 1.6.4+f4563ac860
	- fabric-transitive-access-wideners-v1 1.1.0+e747827960
	- fabricloader 0.14.14
	- java 17
	- minecraft 1.18.2
	- zhenai_ 0.1.0
[00:29:46] [main/INFO] (FabricLoader/Mixin) SpongePowered MIXIN Subsystem Version=0.8.5 Source=file:/home/zhenai/.gradle/caches/modules-2/files-2.1/net.fabricmc/sponge-mixin/0.11.4+mixin.0.8.5/c1dc27696aa4006e492c2485c9ccbcb26045a971/sponge-mixin-0.11.4+mixin.0.8.5.jar Service=Knot/Fabric Env=SERVER
[00:29:47] [main/INFO] (FabricLoader/Mixin) Loaded Fabric development mappings for mixin remapper!
[00:29:47] [main/INFO] (FabricLoader/Mixin) Compatibility level set to JAVA_17
[00:29:50] [main/INFO] (Minecraft) Environment: authHost='https://authserver.mojang.com', accountsHost='https://api.mojang.com', sessionHost='https://sessionserver.mojang.com', servicesHost='https://api.minecraftservices.com', name='PROD'
[00:29:54] [main/WARN] (Minecraft) Ambiguity between arguments [teleport, location] and [teleport, destination] with inputs: [0.1 -0.5 .9, 0 0 0]
[00:29:54] [main/WARN] (Minecraft) Ambiguity between arguments [teleport, location] and [teleport, targets] with inputs: [0.1 -0.5 .9, 0 0 0]
[00:29:54] [main/WARN] (Minecraft) Ambiguity between arguments [teleport, destination] and [teleport, targets] with inputs: [Player, 0123, @e, dd12be42-52a9-4a91-a8a1-11c01849e498]
[00:29:54] [main/WARN] (Minecraft) Ambiguity between arguments [teleport, targets] and [teleport, destination] with inputs: [Player, 0123, dd12be42-52a9-4a91-a8a1-11c01849e498]
[00:29:54] [main/WARN] (Minecraft) Ambiguity between arguments [teleport, targets, location] and [teleport, targets, destination] with inputs: [0.1 -0.5 .9, 0 0 0]
[00:29:55] [Worker-Main-21/INFO] (Minecraft) Loaded 7 recipes
[00:29:56] [Worker-Main-21/INFO] (Minecraft) Loaded 1141 advancements
[00:29:58] [main/INFO] (BiomeModificationImpl) Applied 0 biome modifications to 0 of 61 new biomes in 11.82 ms
[00:29:58] [Server thread/INFO] (Minecraft) Starting minecraft server version 1.18.2
[00:29:58] [Server thread/INFO] (Minecraft) Loading properties
[00:29:58] [Server thread/INFO] (Minecraft) Default game type: SURVIVAL
[00:29:58] [Server thread/INFO] (Minecraft) Generating keypair
[00:29:58] [Server thread/INFO] (Minecraft) Starting Minecraft server on *:22333
[00:29:58] [Server thread/INFO] (Minecraft) Using epoll channel type
[00:29:58] [Server thread/INFO] (Minecraft) Preparing level "world"
[00:29:59] [Server thread/INFO] (Minecraft) Preparing start region for dimension minecraft:overworld
[00:30:00] [Worker-Main-28/INFO] (Minecraft) Preparing spawn area: 0%
[00:30:00] [Worker-Main-28/INFO] (Minecraft) Preparing spawn area: 0%
[00:30:00] [Worker-Main-17/INFO] (Minecraft) Preparing spawn area: 0%
[00:30:00] [Worker-Main-24/INFO] (Minecraft) Preparing spawn area: 0%
[00:30:01] [Worker-Main-26/INFO] (Minecraft) Preparing spawn area: 0%
[00:30:01] [User Authenticator #1/INFO] (Minecraft) UUID of player zhenai_ is d8162b17-392e-4a64-baeb-53adab683f0e
[00:30:01] [Worker-Main-26/INFO] (Minecraft) Preparing spawn area: 0%
[00:30:02] [Worker-Main-25/INFO] (Minecraft) Preparing spawn area: 0%
[00:30:02] [Worker-Main-19/INFO] (Minecraft) Preparing spawn area: 0%
[00:30:03] [Worker-Main-20/INFO] (Minecraft) Preparing spawn area: 0%
[00:30:03] [Worker-Main-16/INFO] (Minecraft) Preparing spawn area: 2%
[00:30:04] [Worker-Main-23/INFO] (Minecraft) Preparing spawn area: 10%
[00:30:04] [Worker-Main-21/INFO] (Minecraft) Preparing spawn area: 17%
[00:30:05] [Server thread/INFO] (Minecraft) Time elapsed: 6152 ms
[00:30:05] [Server thread/INFO] (Minecraft) Done (6.527s)! For help, type "help"
[00:30:05] [Server thread/INFO] (Minecraft) zhenai_[/127.0.0.1:41992] logged in with entity id 110 at (-215.28722175432532, 78.28260556361559, -311.88752307172797)
[00:30:05] [Server thread/INFO] (Minecraft) zhenai_ joined the game
[00:30:26] [Server thread/INFO] (Minecraft) [zhenai_: Teleported zhenai_ to -253.610000, 10265.000000, -317.380000]
[00:30:26] [Server thread/WARN] (Minecraft) zhenai_ moved too quickly! 7.905095238811555E-4,10162.35367533841,0.00419615251024652
[00:30:26] [Server thread/WARN] (Minecraft) zhenai_ moved too quickly! 7.905095238811555E-4,10162.35367533841,0.00419615251024652
[00:30:27] [Server thread/WARN] (Minecraft) zhenai_ moved too quickly! 7.905095238811555E-4,10162.35367533841,0.00419615251024652
[00:30:27] [Server thread/WARN] (Minecraft) zhenai_ moved too quickly! 7.905095238811555E-4,10162.35367533841,0.00419615251024652
[00:30:27] [Server thread/WARN] (Minecraft) zhenai_ moved too quickly! 7.905095238811555E-4,10162.35367533841,0.00419615251024652
[00:30:27] [Server thread/WARN] (Minecraft) zhenai_ moved too quickly! 7.905095238811555E-4,10162.35367533841,0.00419615251024652
[00:30:27] [Server thread/WARN] (Minecraft) zhenai_ moved too quickly! 7.905095238811555E-4,10162.35367533841,0.00419615251024652
